2023-02-17 11:16:25 [scrapy.utils.log] INFO: Scrapy 2.6.1 started (bot: SpiderDemo.SpiderDemo)
2023-02-17 11:16:25 [scrapy.utils.log] INFO: Versions: lxml 4.8.0.0, libxml2 2.9.12, cssselect 1.1.0, parsel 1.6.0, w3lib 1.22.0, Twisted 22.2.0, Python 3.9.8 (v3.9.8:bb3fdcfe95, Nov  5 2021, 17:04:07) - [Clang 6.0 (clang-600.0.57)], pyOpenSSL 22.0.0 (OpenSSL 1.1.1n  15 Mar 2022), cryptography 36.0.2, Platform macOS-10.16-x86_64-i386-64bit
2023-02-17 11:16:25 [scrapy.crawler] INFO: Overridden settings:
{'BOT_NAME': 'SpiderDemo.SpiderDemo',
 'CONCURRENT_REQUESTS': 4,
 'DOWNLOAD_DELAY': 3,
 'LOG_FILE': 'myscrapy.log',
 'LOG_LEVEL': 'INFO',
 'NEWSPIDER_MODULE': 'SpiderDemo.spiders',
 'SPIDER_MODULES': ['SpiderDemo.spiders'],
 'USER_AGENT': 'Mozilla/5.0 (Macintosh; Intel Mac OS X 10_14_6) '
               'AppleWebKit/537.36 (KHTML, like Gecko) Chrome/92.0.4515.159 '
               'Safari/537.36'}
2023-02-17 11:16:25 [scrapy.extensions.telnet] INFO: Telnet Password: 2be7581b43cb3817
2023-02-17 11:16:25 [scrapy.middleware] INFO: Enabled extensions:
['scrapy.extensions.corestats.CoreStats',
 'scrapy.extensions.telnet.TelnetConsole',
 'scrapy.extensions.memusage.MemoryUsage',
 'scrapy.extensions.logstats.LogStats']
2023-02-17 11:16:25 [scrapy.middleware] INFO: Enabled downloader middlewares:
['scrapy.downloadermiddlewares.httpauth.HttpAuthMiddleware',
 'scrapy.downloadermiddlewares.downloadtimeout.DownloadTimeoutMiddleware',
 'scrapy.downloadermiddlewares.defaultheaders.DefaultHeadersMiddleware',
 'scrapy.downloadermiddlewares.useragent.UserAgentMiddleware',
 'scrapy.downloadermiddlewares.retry.RetryMiddleware',
 'scrapy.downloadermiddlewares.redirect.MetaRefreshMiddleware',
 'scrapy.downloadermiddlewares.httpcompression.HttpCompressionMiddleware',
 'scrapy.downloadermiddlewares.redirect.RedirectMiddleware',
 'scrapy.downloadermiddlewares.cookies.CookiesMiddleware',
 'scrapy.downloadermiddlewares.httpproxy.HttpProxyMiddleware',
 'scrapy.downloadermiddlewares.stats.DownloaderStats']
2023-02-17 11:16:25 [scrapy.middleware] INFO: Enabled spider middlewares:
['scrapy.spidermiddlewares.httperror.HttpErrorMiddleware',
 'scrapy.spidermiddlewares.offsite.OffsiteMiddleware',
 'scrapy.spidermiddlewares.referer.RefererMiddleware',
 'scrapy.spidermiddlewares.urllength.UrlLengthMiddleware',
 'scrapy.spidermiddlewares.depth.DepthMiddleware']
2023-02-17 11:16:25 [scrapy.middleware] INFO: Enabled item pipelines:
['SpiderDemo.pipelines.BookItemPipeline']
2023-02-17 11:16:25 [scrapy.core.engine] INFO: Spider opened
2023-02-17 11:16:25 [scrapy.extensions.logstats] INFO: Crawled 0 pages (at 0 pages/min), scraped 0 items (at 0 items/min)
2023-02-17 11:16:25 [scrapy.extensions.telnet] INFO: Telnet console listening on 127.0.0.1:6027
2023-02-17 11:16:30 [scrapy.core.engine] INFO: Closing spider (finished)
2023-02-17 11:16:30 [scrapy.statscollectors] INFO: Dumping Scrapy stats:
{'downloader/request_bytes': 419,
 'downloader/request_count': 1,
 'downloader/request_method_count/GET': 1,
 'downloader/response_bytes': 19794,
 'downloader/response_count': 1,
 'downloader/response_status_count/200': 1,
 'elapsed_time_seconds': 5.426473,
 'finish_reason': 'finished',
 'finish_time': datetime.datetime(2023, 2, 17, 3, 16, 30, 880590),
 'item_scraped_count': 20,
 'log_count/INFO': 10,
 'memusage/max': 71729152,
 'memusage/startup': 71725056,
 'response_received_count': 1,
 'scheduler/dequeued': 1,
 'scheduler/dequeued/memory': 1,
 'scheduler/enqueued': 1,
 'scheduler/enqueued/memory': 1,
 'start_time': datetime.datetime(2023, 2, 17, 3, 16, 25, 454117)}
2023-02-17 11:16:30 [scrapy.core.engine] INFO: Spider closed (finished)
2023-02-17 11:18:15 [scrapy.utils.log] INFO: Scrapy 2.6.1 started (bot: SpiderDemo.SpiderDemo)
2023-02-17 11:18:15 [scrapy.utils.log] INFO: Versions: lxml 4.8.0.0, libxml2 2.9.12, cssselect 1.1.0, parsel 1.6.0, w3lib 1.22.0, Twisted 22.2.0, Python 3.9.8 (v3.9.8:bb3fdcfe95, Nov  5 2021, 17:04:07) - [Clang 6.0 (clang-600.0.57)], pyOpenSSL 22.0.0 (OpenSSL 1.1.1n  15 Mar 2022), cryptography 36.0.2, Platform macOS-10.16-x86_64-i386-64bit
2023-02-17 11:18:15 [scrapy.crawler] INFO: Overridden settings:
{'BOT_NAME': 'SpiderDemo.SpiderDemo',
 'CONCURRENT_REQUESTS': 4,
 'DOWNLOAD_DELAY': 3,
 'LOG_FILE': 'myscrapy.log',
 'LOG_LEVEL': 'INFO',
 'NEWSPIDER_MODULE': 'SpiderDemo.spiders',
 'SPIDER_MODULES': ['SpiderDemo.spiders'],
 'USER_AGENT': 'Mozilla/5.0 (Macintosh; Intel Mac OS X 10_14_6) '
               'AppleWebKit/537.36 (KHTML, like Gecko) Chrome/92.0.4515.159 '
               'Safari/537.36'}
2023-02-17 11:18:16 [scrapy.extensions.telnet] INFO: Telnet Password: 9f167bb974114e53
2023-02-17 11:18:16 [scrapy.middleware] INFO: Enabled extensions:
['scrapy.extensions.corestats.CoreStats',
 'scrapy.extensions.telnet.TelnetConsole',
 'scrapy.extensions.memusage.MemoryUsage',
 'scrapy.extensions.logstats.LogStats']
2023-02-17 11:18:16 [scrapy.middleware] INFO: Enabled downloader middlewares:
['scrapy.downloadermiddlewares.httpauth.HttpAuthMiddleware',
 'scrapy.downloadermiddlewares.downloadtimeout.DownloadTimeoutMiddleware',
 'scrapy.downloadermiddlewares.defaultheaders.DefaultHeadersMiddleware',
 'scrapy.downloadermiddlewares.useragent.UserAgentMiddleware',
 'scrapy.downloadermiddlewares.retry.RetryMiddleware',
 'scrapy.downloadermiddlewares.redirect.MetaRefreshMiddleware',
 'scrapy.downloadermiddlewares.httpcompression.HttpCompressionMiddleware',
 'scrapy.downloadermiddlewares.redirect.RedirectMiddleware',
 'scrapy.downloadermiddlewares.cookies.CookiesMiddleware',
 'scrapy.downloadermiddlewares.httpproxy.HttpProxyMiddleware',
 'scrapy.downloadermiddlewares.stats.DownloaderStats']
2023-02-17 11:18:16 [scrapy.middleware] INFO: Enabled spider middlewares:
['scrapy.spidermiddlewares.httperror.HttpErrorMiddleware',
 'scrapy.spidermiddlewares.offsite.OffsiteMiddleware',
 'scrapy.spidermiddlewares.referer.RefererMiddleware',
 'scrapy.spidermiddlewares.urllength.UrlLengthMiddleware',
 'scrapy.spidermiddlewares.depth.DepthMiddleware']
2023-02-17 11:18:16 [scrapy.middleware] INFO: Enabled item pipelines:
['SpiderDemo.pipelines.BookItemPipeline']
2023-02-17 11:18:16 [scrapy.core.engine] INFO: Spider opened
2023-02-17 11:18:16 [scrapy.extensions.logstats] INFO: Crawled 0 pages (at 0 pages/min), scraped 0 items (at 0 items/min)
2023-02-17 11:18:16 [scrapy.extensions.telnet] INFO: Telnet console listening on 127.0.0.1:6027
2023-02-17 11:18:21 [scrapy.core.engine] INFO: Closing spider (finished)
2023-02-17 11:18:21 [scrapy.statscollectors] INFO: Dumping Scrapy stats:
{'downloader/request_bytes': 419,
 'downloader/request_count': 1,
 'downloader/request_method_count/GET': 1,
 'downloader/response_bytes': 19794,
 'downloader/response_count': 1,
 'downloader/response_status_count/200': 1,
 'elapsed_time_seconds': 5.433419,
 'finish_reason': 'finished',
 'finish_time': datetime.datetime(2023, 2, 17, 3, 18, 21, 683952),
 'item_scraped_count': 20,
 'log_count/INFO': 10,
 'memusage/max': 72519680,
 'memusage/startup': 72515584,
 'response_received_count': 1,
 'scheduler/dequeued': 1,
 'scheduler/dequeued/memory': 1,
 'scheduler/enqueued': 1,
 'scheduler/enqueued/memory': 1,
 'start_time': datetime.datetime(2023, 2, 17, 3, 18, 16, 250533)}
2023-02-17 11:18:21 [scrapy.core.engine] INFO: Spider closed (finished)
